<!DOCTYPE html PUBLIC "-//W3C//DTD XHTML 1.1//EN" "https://www.w3.org/TR/xhtml11/DTD/xhtml11.dtd">
<html xmlns="https://www.w3.org/1999/xhtml">
<head>
<meta http-equiv="content-type" content="text/html; charset=UTF-8"/>
<title>TestNG Report</title>
<style type="text/css">table {margin-bottom:10px;border-collapse:collapse;empty-cells:show}th,td {border:1px solid #009;padding:.25em .5em}th {vertical-align:bottom}td {vertical-align:top}table a {font-weight:bold}.stripe td {background-color: #E6EBF9}.num {text-align:right}.passedodd td {background-color: #3F3}.passedeven td {background-color: #0A0}.skippedodd td {background-color: #DDD}.skippedeven td {background-color: #CCC}.failedodd td,.attn {background-color: #F33}.failedeven td,.stripe .attn {background-color: #D00}.stacktrace {white-space:pre;font-family:monospace}.totop {font-size:85%;text-align:center;border-bottom:2px solid #000}.invisible {display:none}</style>
</head>
<body>
<table>
<tr><th>Test</th><th># Passed</th><th># Skipped</th><th># Retried</th><th># Failed</th><th>Time (ms)</th><th>Included Groups</th><th>Excluded Groups</th></tr>
<tr><th colspan="8">GePS-HOPES_YEA PR - Invoice Functional Test Suite</th></tr>
<tr><th colspan="8">GePS-HOPES_YEA PS Non-Catalog Test Cases</th></tr>
<tr><td><a href="#t0">Requisition Create</a></td><td class="num">0</td><td class="num attn">1</td><td class="num">0</td><td class="num">0</td><td class="num">22</td><td></td><td></td></tr>
<tr><th colspan="8">GePS-HOPES_YEA PS Catalog Test Cases</th></tr>
<tr class="stripe"><td><a href="#t1">Requisition Create</a></td><td class="num">0</td><td class="num">0</td><td class="num">0</td><td class="num attn">1</td><td class="num">89,967</td><td></td><td></td></tr>
<tr><th colspan="8">GePS-HOPES_YEA SALES Catalog Test Cases</th></tr>
<tr><td><a href="#t2">Requisition Create</a></td><td class="num">0</td><td class="num attn">1</td><td class="num">0</td><td class="num">0</td><td class="num">18</td><td></td><td></td></tr>
<tr><th colspan="8">GePS-HOPES_YEA SALES Non-Catalog Test Cases</th></tr>
<tr class="stripe"><td><a href="#t3">Requisition Create</a></td><td class="num">0</td><td class="num attn">1</td><td class="num">0</td><td class="num">0</td><td class="num">23</td><td></td><td></td></tr>
<tr><th>Total</th><th class="num">0</th><th class="num attn">3</th><th class="num">0</th><th class="num attn">1</th><th class="num">90,030</th><th colspan="2"></th></tr>
</table>
<table id='summary'><thead><tr><th>Class</th><th>Method</th><th>Start</th><th>Time (ms)</th></tr></thead><tbody><tr><th colspan="4">GePS-HOPES_YEA PR - Invoice Functional Test Suite</th></tr></tbody><tbody><tr><th colspan="4">GePS-HOPES_YEA PS Non-Catalog Test Cases</th></tr></tbody><tbody id="t0"><tr><th colspan="4">Requisition Create &#8212; skipped</th></tr><tr class="skippedeven"><td rowspan="1">com.source.classes.requisitions.create.CreateTest</td><td><a href="#m0">create</a></td><td rowspan="1">1747024620286</td><td rowspan="1">8</td></tr></tbody>
<tbody><tr><th colspan="4">GePS-HOPES_YEA PS Catalog Test Cases</th></tr></tbody><tbody id="t1"><tr><th colspan="4">Requisition Create &#8212; failed</th></tr><tr class="failedeven"><td rowspan="1">com.source.classes.requisitions.create.CreateTest</td><td><a href="#m1">create</a></td><td rowspan="1">1747024519548</td><td rowspan="1">89314</td></tr></tbody>
<tbody><tr><th colspan="4">GePS-HOPES_YEA SALES Catalog Test Cases</th></tr></tbody><tbody id="t2"><tr><th colspan="4">Requisition Create &#8212; skipped</th></tr><tr class="skippedeven"><td rowspan="1">com.source.classes.requisitions.create.CreateTest</td><td><a href="#m2">create</a></td><td rowspan="1">1747024626816</td><td rowspan="1">8</td></tr></tbody>
<tbody><tr><th colspan="4">GePS-HOPES_YEA SALES Non-Catalog Test Cases</th></tr></tbody><tbody id="t3"><tr><th colspan="4">Requisition Create &#8212; skipped</th></tr><tr class="skippedeven"><td rowspan="1">com.source.classes.requisitions.create.CreateTest</td><td><a href="#m3">create</a></td><td rowspan="1">1747024633814</td><td rowspan="1">5</td></tr></tbody>
</table>
<h2>Requisition Create</h2><h3 id="m0">com.source.classes.requisitions.create.CreateTest#create</h3><table class="result"><tr class="param"><th>Parameter #1</th><th>Parameter #2</th></tr><tr class="param stripe"><td>PS</td><td>NonCatalog</td></tr><tr><th colspan="2">Exception</th></tr><tr><td colspan="2"><div class="stacktrace">org.testng.SkipException: Skipping test due to a previous failure (fail-fast mode).
	at com.listeners.FailFastListener.onTestStart(FailFastListener.java:14)
	at java.base/java.util.ArrayList.forEach(ArrayList.java:1597)
	at com.intellij.rt.testng.IDEARemoteTestNG.run(IDEARemoteTestNG.java:65)
	at com.intellij.rt.testng.RemoteTestNGStarter.main(RemoteTestNGStarter.java:105)
... Removed 22 stack frames</div></td></tr></table><p class="totop"><a href="#summary">back to summary</a></p>
<h2>Requisition Create</h2><h3 id="m1">com.source.classes.requisitions.create.CreateTest#create</h3><table class="result"><tr class="param"><th>Parameter #1</th><th>Parameter #2</th></tr><tr class="param stripe"><td>PS</td><td>Catalog</td></tr><tr><th colspan="2">Exception</th></tr><tr><td colspan="2"><div class="stacktrace">java.lang.AssertionError: Requisition Create was not Successful expected [0] but found [200]
	at com.source.classes.requisitions.create.CreateTest.create(CreateTest.java:21)
	at java.base/java.util.ArrayList.forEach(ArrayList.java:1597)
	at com.intellij.rt.testng.IDEARemoteTestNG.run(IDEARemoteTestNG.java:65)
	at com.intellij.rt.testng.RemoteTestNGStarter.main(RemoteTestNGStarter.java:105)
... Removed 29 stack frames</div></td></tr></table><p class="totop"><a href="#summary">back to summary</a></p>
<h2>Requisition Create</h2><h3 id="m2">com.source.classes.requisitions.create.CreateTest#create</h3><table class="result"><tr class="param"><th>Parameter #1</th><th>Parameter #2</th></tr><tr class="param stripe"><td>Sales</td><td>Catalog</td></tr><tr><th colspan="2">Exception</th></tr><tr><td colspan="2"><div class="stacktrace">org.testng.SkipException: Skipping test due to a previous failure (fail-fast mode).
	at com.listeners.FailFastListener.onTestStart(FailFastListener.java:14)
	at java.base/java.util.ArrayList.forEach(ArrayList.java:1597)
	at com.intellij.rt.testng.IDEARemoteTestNG.run(IDEARemoteTestNG.java:65)
	at com.intellij.rt.testng.RemoteTestNGStarter.main(RemoteTestNGStarter.java:105)
... Removed 22 stack frames</div></td></tr></table><p class="totop"><a href="#summary">back to summary</a></p>
<h2>Requisition Create</h2><h3 id="m3">com.source.classes.requisitions.create.CreateTest#create</h3><table class="result"><tr class="param"><th>Parameter #1</th><th>Parameter #2</th></tr><tr class="param stripe"><td>Sales</td><td>NonCatalog</td></tr><tr><th colspan="2">Exception</th></tr><tr><td colspan="2"><div class="stacktrace">org.testng.SkipException: Skipping test due to a previous failure (fail-fast mode).
	at com.listeners.FailFastListener.onTestStart(FailFastListener.java:14)
	at java.base/java.util.ArrayList.forEach(ArrayList.java:1597)
	at com.intellij.rt.testng.IDEARemoteTestNG.run(IDEARemoteTestNG.java:65)
	at com.intellij.rt.testng.RemoteTestNGStarter.main(RemoteTestNGStarter.java:105)
... Removed 22 stack frames</div></td></tr></table><p class="totop"><a href="#summary">back to summary</a></p>
</body>
</html>
